Flow report for Additionneur
Mon Mar 06 12:20:49 2023
Quartus II 64-Bit Version 15.0.0 Build 145 04/22/2015 SJ Full Version


---------------------
; Table of Contents ;
---------------------
  1. Legal Notice
  2. Flow Summary
  3. Flow Settings
  4. Flow Non-Default Global Settings
  5. Flow Elapsed Time
  6. Flow OS Summary
  7. Flow Log
  8. Flow Messages
  9. Flow Suppressed Messages



----------------
; Legal Notice ;
----------------
Copyright (C) 1991-2015 Altera Corporation. All rights reserved.
Your use of Altera Corporation's design tools, logic functions 
and other software and tools, and its AMPP partner logic 
functions, and any output files from any of the foregoing 
(including device programming or simulation files), and any 
associated documentation or information are expressly subject 
to the terms and conditions of the Altera Program License 
Subscription Agreement, the Altera Quartus II License Agreement,
the Altera MegaCore Function License Agreement, or other 
applicable license agreement, including, without limitation, 
that your use is for the sole purpose of programming logic 
devices manufactured by Altera and sold by Altera or its 
authorized distributors.  Please refer to the applicable 
agreement for further details.



+-------------------------------------------------------------------------------+
; Flow Summary                                                                  ;
+---------------------------------+---------------------------------------------+
; Flow Status                     ; Successful - Mon Mar 06 12:20:41 2023       ;
; Quartus II 64-Bit Version       ; 15.0.0 Build 145 04/22/2015 SJ Full Version ;
; Revision Name                   ; Additionneur                                ;
; Top-level Entity Name           ; Full_add_4bit                               ;
; Family                          ; Cyclone V                                   ;
; Device                          ; 5CSEMA5F31C6                                ;
; Timing Models                   ; Final                                       ;
; Logic utilization (in ALMs)     ; 4 / 32,070 ( < 1 % )                        ;
; Total registers                 ; 0                                           ;
; Total pins                      ; 14 / 457 ( 3 % )                            ;
; Total virtual pins              ; 0                                           ;
; Total block memory bits         ; 0 / 4,065,280 ( 0 % )                       ;
; Total DSP Blocks                ; 0 / 87 ( 0 % )                              ;
; Total HSSI RX PCSs              ; 0                                           ;
; Total HSSI PMA RX Deserializers ; 0                                           ;
; Total HSSI TX PCSs              ; 0                                           ;
; Total HSSI PMA TX Serializers   ; 0                                           ;
; Total PLLs                      ; 0 / 6 ( 0 % )                               ;
; Total DLLs                      ; 0 / 4 ( 0 % )                               ;
+---------------------------------+---------------------------------------------+


+-----------------------------------------+
; Flow Settings                           ;
+-------------------+---------------------+
; Option            ; Setting             ;
+-------------------+---------------------+
; Start date & time ; 03/06/2023 12:19:50 ;
; Main task         ; Compilation         ;
; Revision Name     ; Additionneur        ;
+-------------------+---------------------+


+----------------------------------------------------------------------------------------------------------------------+
; Flow Non-Default Global Settings                                                                                     ;
+-------------------------------------+---------------------------------+---------------+-----------------+------------+
; Assignment Name                     ; Value                           ; Default Value ; Entity Name     ; Section Id ;
+-------------------------------------+---------------------------------+---------------+-----------------+------------+
; COMPILER_SIGNATURE_ID               ; 194042948880747.167810158908772 ; --            ; --              ; --         ;
; MAX_CORE_JUNCTION_TEMP              ; 85                              ; --            ; --              ; --         ;
; MIN_CORE_JUNCTION_TEMP              ; 0                               ; --            ; --              ; --         ;
; PARTITION_COLOR                     ; 16764057                        ; --            ; DE1_SoC_Default ; Top        ;
; PARTITION_COLOR                     ; 16764057                        ; --            ; Full_add_4bit   ; Top        ;
; PARTITION_FITTER_PRESERVATION_LEVEL ; PLACEMENT_AND_ROUTING           ; --            ; DE1_SoC_Default ; Top        ;
; PARTITION_FITTER_PRESERVATION_LEVEL ; PLACEMENT_AND_ROUTING           ; --            ; Full_add_4bit   ; Top        ;
; PARTITION_NETLIST_TYPE              ; SOURCE                          ; --            ; DE1_SoC_Default ; Top        ;
; PARTITION_NETLIST_TYPE              ; SOURCE                          ; --            ; Full_add_4bit   ; Top        ;
; PROJECT_OUTPUT_DIRECTORY            ; output_files                    ; --            ; --              ; --         ;
; TOP_LEVEL_ENTITY                    ; Full_add_4bit                   ; Additionneur  ; --              ; --         ;
+-------------------------------------+---------------------------------+---------------+-----------------+------------+


+-------------------------------------------------------------------------------------------------------------------------------+
; Flow Elapsed Time                                                                                                             ;
+---------------------------+--------------+-------------------------+---------------------+------------------------------------+
; Module Name               ; Elapsed Time ; Average Processors Used ; Peak Virtual Memory ; Total CPU Time (on all processors) ;
+---------------------------+--------------+-------------------------+---------------------+------------------------------------+
; Analysis & Synthesis      ; 00:00:11     ; 1.0                     ; 4903 MB             ; 00:00:20                           ;
; Fitter                    ; 00:00:25     ; 2.3                     ; 6735 MB             ; 00:00:46                           ;
; Assembler                 ; 00:00:10     ; 1.0                     ; 4897 MB             ; 00:00:08                           ;
; TimeQuest Timing Analyzer ; 00:00:06     ; 1.0                     ; 5228 MB             ; 00:00:04                           ;
; Total                     ; 00:00:52     ; --                      ; --                  ; 00:01:18                           ;
+---------------------------+--------------+-------------------------+---------------------+------------------------------------+


+----------------------------------------------------------------------------------------+
; Flow OS Summary                                                                        ;
+---------------------------+------------------+-----------+------------+----------------+
; Module Name               ; Machine Hostname ; OS Name   ; OS Version ; Processor type ;
+---------------------------+------------------+-----------+------------+----------------+
; Analysis & Synthesis      ; bi-fdd-f-w019    ; Windows 7 ; 6.2        ; x86_64         ;
; Fitter                    ; bi-fdd-f-w019    ; Windows 7 ; 6.2        ; x86_64         ;
; Assembler                 ; bi-fdd-f-w019    ; Windows 7 ; 6.2        ; x86_64         ;
; TimeQuest Timing Analyzer ; bi-fdd-f-w019    ; Windows 7 ; 6.2        ; x86_64         ;
+---------------------------+------------------+-----------+------------+----------------+


------------
; Flow Log ;
------------
quartus_map --read_settings_files=on --write_settings_files=off Additionneur -c Additionneur
quartus_fit --read_settings_files=off --write_settings_files=off Additionneur -c Additionneur
quartus_asm --read_settings_files=off --write_settings_files=off Additionneur -c Additionneur
quartus_sta Additionneur -c Additionneur



