Assembler report for Additionneur_2
Mon Mar 13 12:53:38 2023
Quartus II 64-Bit Version 15.0.0 Build 145 04/22/2015 SJ Full Version


---------------------
; Table of Contents ;
---------------------
  1. Legal Notice
  2. Assembler Summary
  3. Assembler Settings
  4. Assembler Generated Files
  5. Assembler Device Options: O:/Documents/TP_Partie2/output_files/Additionneur_2.sof
  6. Assembler Messages



----------------
; Legal Notice ;
----------------
Copyright (C) 1991-2015 Altera Corporation. All rights reserved.
Your use of Altera Corporation's design tools, logic functions 
and other software and tools, and its AMPP partner logic 
functions, and any output files from any of the foregoing 
(including device programming or simulation files), and any 
associated documentation or information are expressly subject 
to the terms and conditions of the Altera Program License 
Subscription Agreement, the Altera Quartus II License Agreement,
the Altera MegaCore Function License Agreement, or other 
applicable license agreement, including, without limitation, 
that your use is for the sole purpose of programming logic 
devices manufactured by Altera and sold by Altera or its 
authorized distributors.  Please refer to the applicable 
agreement for further details.



+---------------------------------------------------------------+
; Assembler Summary                                             ;
+-----------------------+---------------------------------------+
; Assembler Status      ; Successful - Mon Mar 13 12:53:38 2023 ;
; Revision Name         ; Additionneur_2                        ;
; Top-level Entity Name ; ADD_BCD                               ;
; Family                ; Cyclone V                             ;
; Device                ; 5CSEMA5F31C6                          ;
+-----------------------+---------------------------------------+


+----------------------------------+
; Assembler Settings               ;
+--------+---------+---------------+
; Option ; Setting ; Default Value ;
+--------+---------+---------------+


+---------------------------------------------------------+
; Assembler Generated Files                               ;
+---------------------------------------------------------+
; File Name                                               ;
+---------------------------------------------------------+
; O:/Documents/TP_Partie2/output_files/Additionneur_2.sof ;
+---------------------------------------------------------+


+-----------------------------------------------------------------------------------+
; Assembler Device Options: O:/Documents/TP_Partie2/output_files/Additionneur_2.sof ;
+----------------+------------------------------------------------------------------+
; Option         ; Setting                                                          ;
+----------------+------------------------------------------------------------------+
; Device         ; 5CSEMA5F31C6                                                     ;
; JTAG usercode  ; 0x00AF8021                                                       ;
; Checksum       ; 0x00AF8021                                                       ;
+----------------+------------------------------------------------------------------+


+--------------------+
; Assembler Messages ;
+--------------------+
Info: *******************************************************************
Info: Running Quartus II 64-Bit Assembler
    Info: Version 15.0.0 Build 145 04/22/2015 SJ Full Version
    Info: Processing started: Mon Mar 13 12:53:28 2023
Info: Command: quartus_asm --read_settings_files=off --write_settings_files=off Additionneur_2 -c Additionneur_2
Info (115030): Assembler is generating device programming files
Info: Quartus II 64-Bit Assembler was successful. 0 errors, 0 warnings
    Info: Peak virtual memory: 4893 megabytes
    Info: Processing ended: Mon Mar 13 12:53:38 2023
    Info: Elapsed time: 00:00:10
    Info: Total CPU time (on all processors): 00:00:08


